Results of standard linter (version 15.0.1)
See documentation on https://nvuillam.github.io/mega-linter/descriptors/typescript_standard/
-----------------------------------------------

❌ [ERROR] dist/index.d.ts
    standard: Use JavaScript Standard Style (https://standardjs.com)
    standard: Run `standard --fix` to automatically fix some problems.
      dist/index.d.ts:1:38: Extra semicolon.
      dist/index.d.ts:2:34: Extra semicolon.
      dist/index.d.ts:3:32: Extra semicolon.
      dist/index.d.ts:4:32: Extra semicolon.
      dist/index.d.ts:5:42: Extra semicolon.
      dist/index.d.ts:6:32: Extra semicolon.
      dist/index.d.ts:7:32: Extra semicolon.
      dist/index.d.ts:8:76: Extra semicolon.
      dist/index.d.ts:9:42: Extra semicolon.
      dist/index.d.ts:10:32: Extra semicolon.
      dist/index.d.ts:11:58: Extra semicolon.
      dist/index.d.ts:12:23: Extra semicolon.
      dist/index.d.ts:13:47: Unexpected trailing comma.
      dist/index.d.ts:13:50: Extra semicolon.
      dist/index.d.ts:14:117: Unexpected trailing comma.
      dist/index.d.ts:14:120: Extra semicolon.

❌ [ERROR] dist/tools/compose.d.ts
    standard: Use JavaScript Standard Style (https://standardjs.com)
    standard: Run `standard --fix` to automatically fix some problems.
      dist/tools/compose.d.ts:1:57: Extra semicolon.
      dist/tools/compose.d.ts:2:24: Extra semicolon.

❌ [ERROR] dist/tools/curry.d.ts
    standard: Use JavaScript Standard Style (https://standardjs.com)
    standard: Run `standard --fix` to automatically fix some problems.
      dist/tools/curry.d.ts:1:85: Extra semicolon.
      dist/tools/curry.d.ts:2:24: Extra semicolon.

❌ [ERROR] dist/tools/drop.d.ts
    standard: Use JavaScript Standard Style (https://standardjs.com)
    standard: Run `standard --fix` to automatically fix some problems.
      dist/tools/drop.d.ts:1:58: Extra semicolon.
      dist/tools/drop.d.ts:2:24: Extra semicolon.

❌ [ERROR] dist/tools/flip.d.ts
    standard: Use JavaScript Standard Style (https://standardjs.com)
    standard: Run `standard --fix` to automatically fix some problems.
      dist/tools/flip.d.ts:1:80: Extra semicolon.
      dist/tools/flip.d.ts:2:24: Extra semicolon.

❌ [ERROR] dist/tools/head.d.ts
    standard: Use JavaScript Standard Style (https://standardjs.com)
    standard: Run `standard --fix` to automatically fix some problems.
      dist/tools/head.d.ts:2:73: Extra semicolon.
      dist/tools/head.d.ts:3:24: Extra semicolon.

❌ [ERROR] dist/tools/init.d.ts
    standard: Use JavaScript Standard Style (https://standardjs.com)
    standard: Run `standard --fix` to automatically fix some problems.
      dist/tools/init.d.ts:1:46: Extra semicolon.
      dist/tools/init.d.ts:2:24: Extra semicolon.

❌ [ERROR] dist/tools/last.d.ts
    standard: Use JavaScript Standard Style (https://standardjs.com)
    standard: Run `standard --fix` to automatically fix some problems.
      dist/tools/last.d.ts:1:57: Extra semicolon.
      dist/tools/last.d.ts:2:24: Extra semicolon.

❌ [ERROR] dist/tools/maybe.d.ts
    standard: Use JavaScript Standard Style (https://standardjs.com)
    standard: Run `standard --fix` to automatically fix some problems.
      dist/tools/maybe.d.ts:1:44: Extra semicolon.
      dist/tools/maybe.d.ts:2:47: Extra semicolon.
      dist/tools/maybe.d.ts:3:49: Extra semicolon.
      dist/tools/maybe.d.ts:4:38: Extra semicolon.
      dist/tools/maybe.d.ts:5:62: Extra semicolon.
      dist/tools/maybe.d.ts:6:65: Extra semicolon.
      dist/tools/maybe.d.ts:12:2: Extra semicolon.

❌ [ERROR] dist/tools/pipe.d.ts
    standard: Use JavaScript Standard Style (https://standardjs.com)
    standard: Run `standard --fix` to automatically fix some problems.
      dist/tools/pipe.d.ts:1:57: Extra semicolon.
      dist/tools/pipe.d.ts:2:24: Extra semicolon.

❌ [ERROR] dist/tools/tail.d.ts
    standard: Use JavaScript Standard Style (https://standardjs.com)
    standard: Run `standard --fix` to automatically fix some problems.
      dist/tools/tail.d.ts:2:76: Extra semicolon.

❌ [ERROR] dist/tools/take.d.ts
    standard: Use JavaScript Standard Style (https://standardjs.com)
    standard: Run `standard --fix` to automatically fix some problems.
      dist/tools/take.d.ts:1:58: Extra semicolon.
      dist/tools/take.d.ts:2:24: Extra semicolon.

✅ [SUCCESS] dist/types/Maybe.d.ts
❌ [ERROR] src/index.ts
    standard: Use JavaScript Standard Style (https://standardjs.com)
    standard: Run `standard --fix` to automatically fix some problems.
      src/index.ts:1:38: Extra semicolon.
      src/index.ts:2:34: Extra semicolon.
      src/index.ts:3:32: Extra semicolon.
      src/index.ts:4:32: Extra semicolon.
      src/index.ts:5:42: Extra semicolon.
      src/index.ts:6:32: Extra semicolon.
      src/index.ts:7:32: Extra semicolon.
      src/index.ts:8:76: Extra semicolon.
      src/index.ts:9:42: Extra semicolon.
      src/index.ts:10:32: Extra semicolon.
      src/index.ts:12:58: Extra semicolon.
      src/index.ts:14:14: A space is required after '{'.
      src/index.ts:14:27: A space is required before '}'.
      src/index.ts:14:28: Extra semicolon.
      src/index.ts:17:1: Unexpected tab character.
      src/index.ts:17:1: Expected indentation of 2 spaces but found 1 tab.
      src/index.ts:18:1: Unexpected tab character.
      src/index.ts:18:1: Expected indentation of 2 spaces but found 1 tab.
      src/index.ts:20:1: Unexpected tab character.
      src/index.ts:20:1: Expected indentation of 2 spaces but found 1 tab.
      src/index.ts:20:22: Unexpected trailing comma.
      src/index.ts:21:2: Extra semicolon.
      src/index.ts:24:1: Unexpected tab character.
      src/index.ts:24:1: Expected indentation of 2 spaces but found 1 tab.
      src/index.ts:25:1: Unexpected tab character.
      src/index.ts:25:1: Expected indentation of 2 spaces but found 1 tab.
      src/index.ts:26:1: Unexpected tab character.
      src/index.ts:26:1: Expected indentation of 2 spaces but found 1 tab.
      src/index.ts:27:1: Unexpected tab character.
      src/index.ts:27:1: Expected indentation of 2 spaces but found 1 tab.
      src/index.ts:28:1: Unexpected tab character.
      src/index.ts:28:1: Expected indentation of 2 spaces but found 1 tab.
      src/index.ts:29:1: Unexpected tab character.
      src/index.ts:29:1: Expected indentation of 2 spaces but found 1 tab.
      src/index.ts:30:1: Unexpected tab character.
      src/index.ts:30:1: Expected indentation of 2 spaces but found 1 tab.
      src/index.ts:31:1: Unexpected tab character.
      src/index.ts:31:1: Expected indentation of 2 spaces but found 1 tab.
      src/index.ts:32:1: Unexpected tab character.
      src/index.ts:32:1: Expected indentation of 2 spaces but found 1 tab.
      src/index.ts:33:1: Unexpected tab character.
      src/index.ts:33:1: Expected indentation of 2 spaces but found 1 tab.
      src/index.ts:34:1: Unexpected tab character.
      src/index.ts:34:1: Expected indentation of 2 spaces but found 1 tab.
      src/index.ts:34:6: Unexpected trailing comma.
      src/index.ts:35:2: Extra semicolon.
      src/index.ts:37:1: More than 1 blank line not allowed.

✅ [SUCCESS] src/tools/compose.ts
❌ [ERROR] src/tools/curry.ts
    standard: Use JavaScript Standard Style (https://standardjs.com)
    standard: Run `standard --fix` to automatically fix some problems.
      src/tools/curry.ts:1:99: Extra semicolon.
      src/tools/curry.ts:1:100: Newline required at end of file but not found.

❌ [ERROR] src/tools/drop.ts
    standard: Use JavaScript Standard Style (https://standardjs.com)
    standard: Run `standard --fix` to automatically fix some problems.
      src/tools/drop.ts:1:71: Extra semicolon.
      src/tools/drop.ts:1:72: Newline required at end of file but not found.

❌ [ERROR] src/tools/flip.ts
    standard: Use JavaScript Standard Style (https://standardjs.com)
    standard: Run `standard --fix` to automatically fix some problems.
      src/tools/flip.ts:3:1: Unexpected tab character.
      src/tools/flip.ts:3:1: Expected indentation of 2 spaces but found 1 tab.

❌ [ERROR] src/tools/head.ts
    standard: Use JavaScript Standard Style (https://standardjs.com)
    standard: Run `standard --fix` to automatically fix some problems.
      src/tools/head.ts:3:83: Extra semicolon.

❌ [ERROR] src/tools/init.ts
    standard: Use JavaScript Standard Style (https://standardjs.com)
    standard: Run `standard --fix` to automatically fix some problems.
      src/tools/init.ts:1:79: Extra semicolon.

❌ [ERROR] src/tools/last.ts
    standard: Use JavaScript Standard Style (https://standardjs.com)
    standard: Run `standard --fix` to automatically fix some problems.
      src/tools/last.ts:1:71: Extra semicolon.

❌ [ERROR] src/tools/maybe.ts
    standard: Use JavaScript Standard Style (https://standardjs.com)
    standard: Run `standard --fix` to automatically fix some problems.
      src/tools/maybe.ts:1:44: Extra semicolon.
      src/tools/maybe.ts:2:47: Extra semicolon.
      src/tools/maybe.ts:4:46: A space is required after '{'.
      src/tools/maybe.ts:4:69: A space is required before '}'.
      src/tools/maybe.ts:4:71: Extra semicolon.
      src/tools/maybe.ts:5:34: A space is required after '{'.
      src/tools/maybe.ts:5:40: Missing space before value for key '_tag'.
      src/tools/maybe.ts:5:49: A space is required before '}'.
      src/tools/maybe.ts:5:50: Extra semicolon.
      src/tools/maybe.ts:7:74: Extra semicolon.
      src/tools/maybe.ts:8:80: Extra semicolon.
      src/tools/maybe.ts:11:1: Unexpected tab character.
      src/tools/maybe.ts:11:1: Expected indentation of 2 spaces but found 1 tab.
      src/tools/maybe.ts:12:1: Unexpected tab character.
      src/tools/maybe.ts:12:1: Expected indentation of 4 spaces but found 2 tabs.
      src/tools/maybe.ts:13:1: Unexpected tab character.
      src/tools/maybe.ts:13:1: Expected indentation of 6 spaces but found 3 tabs.
      src/tools/maybe.ts:14:1: Unexpected tab character.
      src/tools/maybe.ts:14:1: Expected indentation of 6 spaces but found 3 tabs.
      src/tools/maybe.ts:14:63: Unexpected trailing comma.
      src/tools/maybe.ts:15:1: Unexpected tab character.
      src/tools/maybe.ts:15:1: Expected indentation of 4 spaces but found 2 tabs.
      src/tools/maybe.ts:16:1: Unexpected tab character.
      src/tools/maybe.ts:16:1: Expected indentation of 2 spaces but found 1 tab.

✅ [SUCCESS] src/tools/pipe.ts
❌ [ERROR] src/tools/tail.ts
    standard: Use JavaScript Standard Style (https://standardjs.com)
    standard: Run `standard --fix` to automatically fix some problems.
      src/tools/tail.ts:2:1: Unexpected tab character.
      src/tools/tail.ts:3:1: Unexpected tab character.
      src/tools/tail.ts:4:1: Unexpected tab character.
      src/tools/tail.ts:5:1: Unexpected tab character.
      src/tools/tail.ts:9:1: Unexpected tab character.
      src/tools/tail.ts:10:1: Unexpected tab character.
      src/tools/tail.ts:11:1: Unexpected tab character.
      src/tools/tail.ts:12:1: Unexpected tab character.
      src/tools/tail.ts:12:15: Unexpected tab character.
      src/tools/tail.ts:13:1: Unexpected tab character.
      src/tools/tail.ts:14:1: Unexpected tab character.
      src/tools/tail.ts:19:1: Unexpected tab character.
      src/tools/tail.ts:20:1: Unexpected tab character.
      src/tools/tail.ts:21:1: Unexpected tab character.
      src/tools/tail.ts:22:1: Unexpected tab character.
      src/tools/tail.ts:22:16: Unexpected tab character.
      src/tools/tail.ts:23:1: Unexpected tab character.
      src/tools/tail.ts:23:15: Unexpected tab character.
      src/tools/tail.ts:24:1: Unexpected tab character.
      src/tools/tail.ts:25:1: Unexpected tab character.
      src/tools/tail.ts:26:1: Unexpected tab character.
      src/tools/tail.ts:28:88: Extra semicolon.

❌ [ERROR] src/tools/take.ts
    standard: Use JavaScript Standard Style (https://standardjs.com)
    standard: Run `standard --fix` to automatically fix some problems.
      src/tools/take.ts:1:62: Extra semicolon.
      src/tools/take.ts:1:63: Newline required at end of file but not found.

❌ [ERROR] src/types/Maybe.ts
    standard: Use JavaScript Standard Style (https://standardjs.com)
    standard: Run `standard --fix` to automatically fix some problems.
      src/types/Maybe.ts:2:1: Unexpected tab character.
      src/types/Maybe.ts:6:1: Unexpected tab character.
      src/types/Maybe.ts:7:1: Unexpected tab character.
      src/types/Maybe.ts:10:42: Newline required at end of file but not found.

❌ [ERROR] test/Maybe.test.ts
    standard: Use JavaScript Standard Style (https://standardjs.com)
    standard: Run `standard --fix` to automatically fix some problems.
      test/Maybe.test.ts:1:30: Extra semicolon.
      test/Maybe.test.ts:3:48: Extra semicolon.
      test/Maybe.test.ts:6:81: Extra semicolon.
      test/Maybe.test.ts:8:1: More than 1 blank line not allowed.
      test/Maybe.test.ts:9:1: 'describe' is not defined.
      test/Maybe.test.ts:9:32: Missing space before function parentheses.
      test/Maybe.test.ts:9:35: Block must not be padded by blank lines.
      test/Maybe.test.ts:11:1: Unexpected tab character.
      test/Maybe.test.ts:11:1: Expected indentation of 2 spaces but found 1 tab.
      test/Maybe.test.ts:11:2: 'it' is not defined.
      test/Maybe.test.ts:11:31: Missing space before function parentheses.
      test/Maybe.test.ts:12:1: Unexpected tab character.
      test/Maybe.test.ts:12:1: Expected indentation of 4 spaces but found 2 tabs.
      test/Maybe.test.ts:12:36: Extra semicolon.
      test/Maybe.test.ts:14:1: Unexpected tab character.
      test/Maybe.test.ts:14:1: Expected indentation of 4 spaces but found 2 tabs.
      test/Maybe.test.ts:14:35: Extra semicolon.
      test/Maybe.test.ts:15:1: Unexpected tab character.
      test/Maybe.test.ts:15:1: Expected indentation of 2 spaces but found 1 tab.
      test/Maybe.test.ts:15:4: Extra semicolon.
      test/Maybe.test.ts:16:1: Unexpected tab character.
      test/Maybe.test.ts:16:1: Expected indentation of 2 spaces but found 1 tab.
      test/Maybe.test.ts:16:2: 'it' is not defined.
      test/Maybe.test.ts:16:34: Missing space before function parentheses.
      test/Maybe.test.ts:17:1: Unexpected tab character.
      test/Maybe.test.ts:17:1: Expected indentation of 4 spaces but found 2 tabs.
      test/Maybe.test.ts:17:7: 'i' is never reassigned. Use 'const' instead.
      test/Maybe.test.ts:17:34: Extra semicolon.
      test/Maybe.test.ts:19:1: Unexpected tab character.
      test/Maybe.test.ts:19:1: Expected indentation of 4 spaces but found 2 tabs.
      test/Maybe.test.ts:19:36: Extra semicolon.
      test/Maybe.test.ts:20:1: Unexpected tab character.
      test/Maybe.test.ts:20:1: Expected indentation of 2 spaces but found 1 tab.
      test/Maybe.test.ts:20:4: Extra semicolon.
      test/Maybe.test.ts:22:1: Unexpected tab character.
      test/Maybe.test.ts:22:1: Expected indentation of 2 spaces but found 1 tab.
      test/Maybe.test.ts:22:2: 'it' is not defined.
      test/Maybe.test.ts:22:34: Missing space before function parentheses.
      test/Maybe.test.ts:23:1: Unexpected tab character.
      test/Maybe.test.ts:23:1: Expected indentation of 4 spaces but found 2 tabs.
      test/Maybe.test.ts:23:36: Extra semicolon.
      test/Maybe.test.ts:25:1: Unexpected tab character.
      test/Maybe.test.ts:25:1: Expected indentation of 4 spaces but found 2 tabs.
      test/Maybe.test.ts:25:39: Extra semicolon.
      test/Maybe.test.ts:26:1: Unexpected tab character.
      test/Maybe.test.ts:26:1: Expected indentation of 2 spaces but found 1 tab.
      test/Maybe.test.ts:26:4: Extra semicolon.
      test/Maybe.test.ts:28:1: Unexpected tab character.
      test/Maybe.test.ts:28:1: Expected indentation of 2 spaces but found 1 tab.
      test/Maybe.test.ts:28:2: 'it' is not defined.
      test/Maybe.test.ts:28:37: Missing space before function parentheses.
      test/Maybe.test.ts:29:1: Unexpected tab character.
      test/Maybe.test.ts:29:1: Expected indentation of 4 spaces but found 2 tabs.
      test/Maybe.test.ts:29:7: 'i' is never reassigned. Use 'const' instead.
      test/Maybe.test.ts:29:34: Extra semicolon.
      test/Maybe.test.ts:31:1: Unexpected tab character.
      test/Maybe.test.ts:31:1: Expected indentation of 4 spaces but found 2 tabs.
      test/Maybe.test.ts:31:38: Extra semicolon.
      test/Maybe.test.ts:32:1: Unexpected tab character.
      test/Maybe.test.ts:32:1: Expected indentation of 2 spaces but found 1 tab.
      test/Maybe.test.ts:32:4: Extra semicolon.
      test/Maybe.test.ts:34:1: Unexpected tab character.
      test/Maybe.test.ts:34:1: Expected indentation of 2 spaces but found 1 tab.
      test/Maybe.test.ts:34:2: 'it' is not defined.
      test/Maybe.test.ts:34:4: Unexpected whitespace between function name and paren.
      test/Maybe.test.ts:34:46: Missing space before function parentheses.
      test/Maybe.test.ts:35:1: Unexpected tab character.
      test/Maybe.test.ts:35:1: Expected indentation of 4 spaces but found 2 tabs.
      test/Maybe.test.ts:35:36: Extra semicolon.
      test/Maybe.test.ts:37:1: Unexpected tab character.
      test/Maybe.test.ts:37:1: Expected indentation of 4 spaces but found 2 tabs.
      test/Maybe.test.ts:37:62: Extra semicolon.
      test/Maybe.test.ts:38:1: Unexpected tab character.
      test/Maybe.test.ts:38:1: Expected indentation of 4 spaces but found 2 tabs.
      test/Maybe.test.ts:38:26: Extra semicolon.
      test/Maybe.test.ts:39:1: Unexpected tab character.
      test/Maybe.test.ts:39:1: Expected indentation of 2 spaces but found 1 tab.
      test/Maybe.test.ts:39:4: Extra semicolon.
      test/Maybe.test.ts:40:1: Unexpected tab character.
      test/Maybe.test.ts:40:1: Expected indentation of 2 spaces but found 1 tab.
      test/Maybe.test.ts:40:2: 'it' is not defined.
      test/Maybe.test.ts:40:4: Unexpected whitespace between function name and paren.
      test/Maybe.test.ts:40:49: Missing space before function parentheses.
      test/Maybe.test.ts:41:1: Unexpected tab character.
      test/Maybe.test.ts:41:1: Expected indentation of 4 spaces but found 2 tabs.
      test/Maybe.test.ts:41:36: Extra semicolon.
      test/Maybe.test.ts:43:1: Unexpected tab character.
      test/Maybe.test.ts:43:1: Expected indentation of 4 spaces but found 2 tabs.
      test/Maybe.test.ts:43:62: Extra semicolon.
      test/Maybe.test.ts:44:1: Unexpected tab character.
      test/Maybe.test.ts:44:1: Expected indentation of 4 spaces but found 2 tabs.
      test/Maybe.test.ts:44:32: Extra semicolon.
      test/Maybe.test.ts:45:1: Unexpected tab character.
      test/Maybe.test.ts:45:1: Expected indentation of 2 spaces but found 1 tab.
      test/Maybe.test.ts:45:4: Extra semicolon.
      test/Maybe.test.ts:47:1: Unexpected tab character.
      test/Maybe.test.ts:47:1: Expected indentation of 2 spaces but found 1 tab.
      test/Maybe.test.ts:47:2: 'it' is not defined.
      test/Maybe.test.ts:47:4: Unexpected whitespace between function name and paren.
      test/Maybe.test.ts:47:49: Missing space before function parentheses.
      test/Maybe.test.ts:48:1: Unexpected tab character.
      test/Maybe.test.ts:48:1: Expected indentation of 4 spaces but found 2 tabs.
      test/Maybe.test.ts:48:36: Extra semicolon.
      test/Maybe.test.ts:50:1: Unexpected tab character.
      test/Maybe.test.ts:50:1: Expected indentation of 4 spaces but found 2 tabs.
      test/Maybe.test.ts:50:25: Extra semicolon.
      test/Maybe.test.ts:52:1: Unexpected tab character.
      test/Maybe.test.ts:52:1: Expected indentation of 4 spaces but found 2 tabs.
      test/Maybe.test.ts:52:13: Arrow function should not return assignment.
      test/Maybe.test.ts:52:47: Extra semicolon.
      test/Maybe.test.ts:53:1: Unexpected tab character.
      test/Maybe.test.ts:53:1: Expected indentation of 4 spaces but found 2 tabs.
      test/Maybe.test.ts:53:28: Extra semicolon.
      test/Maybe.test.ts:54:1: Unexpected tab character.
      test/Maybe.test.ts:54:1: Expected indentation of 2 spaces but found 1 tab.
      test/Maybe.test.ts:54:4: Extra semicolon.
      test/Maybe.test.ts:55:1: Unexpected tab character.
      test/Maybe.test.ts:55:1: Expected indentation of 2 spaces but found 1 tab.
      test/Maybe.test.ts:55:2: 'it' is not defined.
      test/Maybe.test.ts:55:4: Unexpected whitespace between function name and paren.
      test/Maybe.test.ts:55:52: Missing space before function parentheses.
      test/Maybe.test.ts:56:1: Unexpected tab character.
      test/Maybe.test.ts:56:1: Expected indentation of 4 spaces but found 2 tabs.
      test/Maybe.test.ts:56:36: Extra semicolon.
      test/Maybe.test.ts:58:1: Unexpected tab character.
      test/Maybe.test.ts:58:1: Expected indentation of 4 spaces but found 2 tabs.
      test/Maybe.test.ts:58:25: Extra semicolon.
      test/Maybe.test.ts:60:1: Unexpected tab character.
      test/Maybe.test.ts:60:1: Expected indentation of 4 spaces but found 2 tabs.
      test/Maybe.test.ts:60:13: Arrow function should not return assignment.
      test/Maybe.test.ts:60:47: Extra semicolon.
      test/Maybe.test.ts:61:1: Unexpected tab character.
      test/Maybe.test.ts:61:1: Expected indentation of 4 spaces but found 2 tabs.
      test/Maybe.test.ts:61:28: Extra semicolon.
      test/Maybe.test.ts:62:1: Unexpected tab character.
      test/Maybe.test.ts:62:1: Expected indentation of 2 spaces but found 1 tab.
      test/Maybe.test.ts:62:4: Extra semicolon.
      test/Maybe.test.ts:62:5: Block must not be padded by blank lines.
      test/Maybe.test.ts:64:3: Extra semicolon.
      test/Maybe.test.ts:65:1: Too many blank lines at the end of file. Max of 0 allowed.

❌ [ERROR] test/compose.test.ts
    standard: Use JavaScript Standard Style (https://standardjs.com)
    standard: Run `standard --fix` to automatically fix some problems.
      test/compose.test.ts:1:30: Extra semicolon.
      test/compose.test.ts:2:43: Extra semicolon.
      test/compose.test.ts:4:92: Extra semicolon.
      test/compose.test.ts:6:1: 'describe' is not defined.
      test/compose.test.ts:6:34: Missing space before function parentheses.
      test/compose.test.ts:7:1: Unexpected tab character.
      test/compose.test.ts:7:1: Expected indentation of 2 spaces but found 1 tab.
      test/compose.test.ts:7:2: 'it' is not defined.
      test/compose.test.ts:7:46: Missing space before function parentheses.
      test/compose.test.ts:8:1: Unexpected tab character.
      test/compose.test.ts:8:1: Expected indentation of 4 spaces but found 2 tabs.
      test/compose.test.ts:8:33: Extra semicolon.
      test/compose.test.ts:9:1: Unexpected tab character.
      test/compose.test.ts:9:1: Expected indentation of 2 spaces but found 1 tab.
      test/compose.test.ts:9:4: Extra semicolon.
      test/compose.test.ts:10:1: Unexpected tab character.
      test/compose.test.ts:10:1: Expected indentation of 2 spaces but found 1 tab.
      test/compose.test.ts:10:2: 'it' is not defined.
      test/compose.test.ts:10:45: Missing space before function parentheses.
      test/compose.test.ts:11:1: Unexpected tab character.
      test/compose.test.ts:11:1: Expected indentation of 4 spaces but found 2 tabs.
      test/compose.test.ts:11:32: Extra semicolon.
      test/compose.test.ts:12:1: Unexpected tab character.
      test/compose.test.ts:12:1: Expected indentation of 2 spaces but found 1 tab.
      test/compose.test.ts:12:4: Extra semicolon.
      test/compose.test.ts:13:1: Unexpected tab character.
      test/compose.test.ts:13:1: Expected indentation of 2 spaces but found 1 tab.
      test/compose.test.ts:13:2: 'it' is not defined.
      test/compose.test.ts:13:45: Missing space before function parentheses.
      test/compose.test.ts:14:1: Unexpected tab character.
      test/compose.test.ts:14:1: Expected indentation of 4 spaces but found 2 tabs.
      test/compose.test.ts:14:32: Extra semicolon.
      test/compose.test.ts:15:1: Unexpected tab character.
      test/compose.test.ts:15:1: Expected indentation of 2 spaces but found 1 tab.
      test/compose.test.ts:15:4: Extra semicolon.
      test/compose.test.ts:16:3: Extra semicolon.
      test/compose.test.ts:17:1: Too many blank lines at the end of file. Max of 0 allowed.

❌ [ERROR] test/curry.test.ts
    standard: Use JavaScript Standard Style (https://standardjs.com)
    standard: Run `standard --fix` to automatically fix some problems.
      test/curry.test.ts:1:30: Extra semicolon.
      test/curry.test.ts:2:39: Extra semicolon.
      test/curry.test.ts:4:50: Extra semicolon.
      test/curry.test.ts:6:7: Identifier 'many_add' is not in camel case.
      test/curry.test.ts:6:91: Extra semicolon.
      test/curry.test.ts:8:27: Extra semicolon.
      test/curry.test.ts:10:36: Extra semicolon.
      test/curry.test.ts:12:1: 'describe' is not defined.
      test/curry.test.ts:12:32: Missing space before function parentheses.
      test/curry.test.ts:13:1: Unexpected tab character.
      test/curry.test.ts:13:1: Expected indentation of 2 spaces but found 1 tab.
      test/curry.test.ts:13:2: 'it' is not defined.
      test/curry.test.ts:13:43: Missing space before function parentheses.
      test/curry.test.ts:14:1: Unexpected tab character.
      test/curry.test.ts:14:1: Expected indentation of 4 spaces but found 2 tabs.
      test/curry.test.ts:14:30: Extra semicolon.
      test/curry.test.ts:15:1: Unexpected tab character.
      test/curry.test.ts:15:1: Expected indentation of 2 spaces but found 1 tab.
      test/curry.test.ts:15:4: Extra semicolon.
      test/curry.test.ts:16:1: Unexpected tab character.
      test/curry.test.ts:16:1: Expected indentation of 2 spaces but found 1 tab.
      test/curry.test.ts:16:2: 'it' is not defined.
      test/curry.test.ts:16:43: Missing space before function parentheses.
      test/curry.test.ts:17:1: Unexpected tab character.
      test/curry.test.ts:17:1: Expected indentation of 4 spaces but found 2 tabs.
      test/curry.test.ts:17:30: Extra semicolon.
      test/curry.test.ts:18:1: Unexpected tab character.
      test/curry.test.ts:18:1: Expected indentation of 2 spaces but found 1 tab.
      test/curry.test.ts:18:4: Extra semicolon.
      test/curry.test.ts:19:1: Unexpected tab character.
      test/curry.test.ts:19:1: Expected indentation of 2 spaces but found 1 tab.
      test/curry.test.ts:19:2: 'it' is not defined.
      test/curry.test.ts:19:43: Missing space before function parentheses.
      test/curry.test.ts:20:1: Unexpected tab character.
      test/curry.test.ts:20:1: Expected indentation of 4 spaces but found 2 tabs.
      test/curry.test.ts:20:30: Extra semicolon.
      test/curry.test.ts:21:1: Unexpected tab character.
      test/curry.test.ts:21:1: Expected indentation of 2 spaces but found 1 tab.
      test/curry.test.ts:21:4: Extra semicolon.
      test/curry.test.ts:23:1: Unexpected tab character.
      test/curry.test.ts:23:1: Expected indentation of 2 spaces but found 1 tab.
      test/curry.test.ts:23:2: 'it' is not defined.
      test/curry.test.ts:23:43: Missing space before function parentheses.
      test/curry.test.ts:24:1: Unexpected tab character.
      test/curry.test.ts:24:1: Expected indentation of 4 spaces but found 2 tabs.
      test/curry.test.ts:24:34: Extra semicolon.
      test/curry.test.ts:25:1: Unexpected tab character.
      test/curry.test.ts:25:1: Expected indentation of 2 spaces but found 1 tab.
      test/curry.test.ts:25:4: Extra semicolon.
      test/curry.test.ts:26:1: Unexpected tab character.
      test/curry.test.ts:26:1: Expected indentation of 2 spaces but found 1 tab.
      test/curry.test.ts:26:2: 'it' is not defined.
      test/curry.test.ts:26:43: Missing space before function parentheses.
      test/curry.test.ts:27:1: Unexpected tab character.
      test/curry.test.ts:27:1: Expected indentation of 4 spaces but found 2 tabs.
      test/curry.test.ts:27:34: Extra semicolon.
      test/curry.test.ts:28:1: Unexpected tab character.
      test/curry.test.ts:28:1: Expected indentation of 2 spaces but found 1 tab.
      test/curry.test.ts:28:4: Extra semicolon.
      test/curry.test.ts:29:1: Unexpected tab character.
      test/curry.test.ts:29:1: Expected indentation of 2 spaces but found 1 tab.
      test/curry.test.ts:29:2: 'it' is not defined.
      test/curry.test.ts:29:43: Missing space before function parentheses.
      test/curry.test.ts:30:1: Unexpected tab character.
      test/curry.test.ts:30:1: Expected indentation of 4 spaces but found 2 tabs.
      test/curry.test.ts:30:34: Extra semicolon.
      test/curry.test.ts:31:1: Unexpected tab character.
      test/curry.test.ts:31:1: Expected indentation of 2 spaces but found 1 tab.
      test/curry.test.ts:31:4: Extra semicolon.
      test/curry.test.ts:33:1: Unexpected tab character.
      test/curry.test.ts:33:1: Expected indentation of 2 spaces but found 1 tab.
      test/curry.test.ts:33:2: 'it' is not defined.
      test/curry.test.ts:33:45: Missing space before function parentheses.
      test/curry.test.ts:34:1: Unexpected tab character.
      test/curry.test.ts:34:1: Expected indentation of 4 spaces but found 2 tabs.
      test/curry.test.ts:34:31: Extra semicolon.
      test/curry.test.ts:35:1: Unexpected tab character.
      test/curry.test.ts:35:1: Expected indentation of 2 spaces but found 1 tab.
      test/curry.test.ts:35:4: Extra semicolon.
      test/curry.test.ts:36:3: Extra semicolon.
      test/curry.test.ts:37:1: Too many blank lines at the end of file. Max of 0 allowed.

❌ [ERROR] test/drop.test.ts
    standard: Use JavaScript Standard Style (https://standardjs.com)
    standard: Run `standard --fix` to automatically fix some problems.
      test/drop.test.ts:1:30: Extra semicolon.
      test/drop.test.ts:2:37: Extra semicolon.
      test/drop.test.ts:4:1: More than 1 blank line not allowed.
      test/drop.test.ts:5:1: 'describe' is not defined.
      test/drop.test.ts:5:31: Missing space before function parentheses.
      test/drop.test.ts:6:1: Unexpected tab character.
      test/drop.test.ts:6:1: Expected indentation of 2 spaces but found 1 tab.
      test/drop.test.ts:6:2: 'it' is not defined.
      test/drop.test.ts:6:53: Missing space before function parentheses.
      test/drop.test.ts:7:1: Unexpected tab character.
      test/drop.test.ts:7:1: Expected indentation of 4 spaces but found 2 tabs.
      test/drop.test.ts:7:20: A space is required after ','.
      test/drop.test.ts:7:22: A space is required after ','.
      test/drop.test.ts:7:24: A space is required after ','.
      test/drop.test.ts:7:39: A space is required after ','.
      test/drop.test.ts:7:41: A space is required after ','.
      test/drop.test.ts:7:45: Extra semicolon.
      test/drop.test.ts:8:1: Unexpected tab character.
      test/drop.test.ts:8:1: Expected indentation of 2 spaces but found 1 tab.
      test/drop.test.ts:8:4: Extra semicolon.
      test/drop.test.ts:9:1: Unexpected tab character.
      test/drop.test.ts:9:1: Expected indentation of 2 spaces but found 1 tab.
      test/drop.test.ts:9:2: 'it' is not defined.
      test/drop.test.ts:9:57: Missing space before function parentheses.
      test/drop.test.ts:10:1: Unexpected tab character.
      test/drop.test.ts:10:1: Expected indentation of 4 spaces but found 2 tabs.
      test/drop.test.ts:10:20: A space is required after ','.
      test/drop.test.ts:10:22: A space is required after ','.
      test/drop.test.ts:10:24: A space is required after ','.
      test/drop.test.ts:10:41: Extra semicolon.
      test/drop.test.ts:11:1: Unexpected tab character.
      test/drop.test.ts:11:1: Expected indentation of 2 spaces but found 1 tab.
      test/drop.test.ts:11:4: Extra semicolon.
      test/drop.test.ts:12:1: Unexpected tab character.
      test/drop.test.ts:12:1: Expected indentation of 2 spaces but found 1 tab.
      test/drop.test.ts:12:2: 'it' is not defined.
      test/drop.test.ts:12:59: Missing space before function parentheses.
      test/drop.test.ts:13:1: Unexpected tab character.
      test/drop.test.ts:13:1: Expected indentation of 4 spaces but found 2 tabs.
      test/drop.test.ts:13:20: A space is required after ','.
      test/drop.test.ts:13:22: A space is required after ','.
      test/drop.test.ts:13:24: A space is required after ','.
      test/drop.test.ts:13:40: Extra semicolon.
      test/drop.test.ts:14:1: Unexpected tab character.
      test/drop.test.ts:14:1: Expected indentation of 2 spaces but found 1 tab.
      test/drop.test.ts:14:4: Extra semicolon.
      test/drop.test.ts:15:3: Extra semicolon.
      test/drop.test.ts:16:1: Too many blank lines at the end of file. Max of 0 allowed.

❌ [ERROR] test/flip.test.ts
    standard: Use JavaScript Standard Style (https://standardjs.com)
    standard: Run `standard --fix` to automatically fix some problems.
      test/flip.test.ts:1:30: Extra semicolon.
      test/flip.test.ts:2:37: Extra semicolon.
      test/flip.test.ts:4:61: Extra semicolon.
      test/flip.test.ts:6:29: Extra semicolon.
      test/flip.test.ts:8:1: More than 1 blank line not allowed.
      test/flip.test.ts:9:1: 'describe' is not defined.
      test/flip.test.ts:9:32: Missing space before function parentheses.
      test/flip.test.ts:10:1: Unexpected tab character.
      test/flip.test.ts:10:1: Expected indentation of 2 spaces but found 1 tab.
      test/flip.test.ts:10:2: 'it' is not defined.
      test/flip.test.ts:10:45: Missing space before function parentheses.
      test/flip.test.ts:11:1: Unexpected tab character.
      test/flip.test.ts:11:1: Expected indentation of 4 spaces but found 2 tabs.
      test/flip.test.ts:11:17: Strings must use singlequote.
      test/flip.test.ts:11:22: Strings must use singlequote.
      test/flip.test.ts:11:37: Strings must use singlequote.
      test/flip.test.ts:11:42: Extra semicolon.
      test/flip.test.ts:12:1: Unexpected tab character.
      test/flip.test.ts:12:1: Expected indentation of 4 spaces but found 2 tabs.
      test/flip.test.ts:12:18: Strings must use singlequote.
      test/flip.test.ts:12:23: Strings must use singlequote.
      test/flip.test.ts:12:38: Strings must use singlequote.
      test/flip.test.ts:12:43: Extra semicolon.
      test/flip.test.ts:13:1: Unexpected tab character.
      test/flip.test.ts:13:1: Expected indentation of 2 spaces but found 1 tab.
      test/flip.test.ts:13:4: Extra semicolon.
      test/flip.test.ts:14:3: Extra semicolon.
      test/flip.test.ts:15:1: Too many blank lines at the end of file. Max of 0 allowed.

❌ [ERROR] test/head.test.ts
    standard: Use JavaScript Standard Style (https://standardjs.com)
    standard: Run `standard --fix` to automatically fix some problems.
      test/head.test.ts:1:30: Extra semicolon.
      test/head.test.ts:2:37: Extra semicolon.
      test/head.test.ts:4:1: 'describe' is not defined.
      test/head.test.ts:4:31: Missing space before function parentheses.
      test/head.test.ts:5:1: Unexpected tab character.
      test/head.test.ts:5:1: Expected indentation of 2 spaces but found 1 tab.
      test/head.test.ts:5:2: 'it' is not defined.
      test/head.test.ts:5:48: Missing space before function parentheses.
      test/head.test.ts:6:1: Unexpected tab character.
      test/head.test.ts:6:1: Expected indentation of 4 spaces but found 2 tabs.
      test/head.test.ts:6:38: Extra semicolon.
      test/head.test.ts:7:1: Unexpected tab character.
      test/head.test.ts:7:1: Expected indentation of 2 spaces but found 1 tab.
      test/head.test.ts:7:4: Extra semicolon.
      test/head.test.ts:8:1: Unexpected tab character.
      test/head.test.ts:8:1: Expected indentation of 2 spaces but found 1 tab.
      test/head.test.ts:8:2: 'it' is not defined.
      test/head.test.ts:8:45: Missing space before function parentheses.
      test/head.test.ts:9:1: Unexpected tab character.
      test/head.test.ts:9:1: Expected indentation of 4 spaces but found 2 tabs.
      test/head.test.ts:9:39: Extra semicolon.
      test/head.test.ts:10:1: Unexpected tab character.
      test/head.test.ts:10:1: Expected indentation of 2 spaces but found 1 tab.
      test/head.test.ts:10:4: Extra semicolon.
      test/head.test.ts:11:3: Extra semicolon.
      test/head.test.ts:12:1: Too many blank lines at the end of file. Max of 0 allowed.

✅ [SUCCESS] test/index.test.ts
❌ [ERROR] test/init.test.ts
    standard: Use JavaScript Standard Style (https://standardjs.com)
    standard: Run `standard --fix` to automatically fix some problems.
      test/init.test.ts:1:30: Extra semicolon.
      test/init.test.ts:2:37: Extra semicolon.
      test/init.test.ts:4:1: 'describe' is not defined.
      test/init.test.ts:4:31: Missing space before function parentheses.
      test/init.test.ts:5:1: Unexpected tab character.
      test/init.test.ts:5:1: Expected indentation of 2 spaces but found 1 tab.
      test/init.test.ts:5:2: 'it' is not defined.
      test/init.test.ts:5:53: Missing space before function parentheses.
      test/init.test.ts:6:1: Unexpected tab character.
      test/init.test.ts:6:1: Expected indentation of 4 spaces but found 2 tabs.
      test/init.test.ts:6:41: Extra semicolon.
      test/init.test.ts:7:1: Unexpected tab character.
      test/init.test.ts:7:1: Expected indentation of 2 spaces but found 1 tab.
      test/init.test.ts:7:4: Extra semicolon.
      test/init.test.ts:8:1: Unexpected tab character.
      test/init.test.ts:8:1: Expected indentation of 2 spaces but found 1 tab.
      test/init.test.ts:8:2: 'it' is not defined.
      test/init.test.ts:8:45: Missing space before function parentheses.
      test/init.test.ts:9:1: Unexpected tab character.
      test/init.test.ts:9:1: Expected indentation of 4 spaces but found 2 tabs.
      test/init.test.ts:9:30: Extra semicolon.
      test/init.test.ts:10:1: Unexpected tab character.
      test/init.test.ts:10:1: Expected indentation of 2 spaces but found 1 tab.
      test/init.test.ts:10:4: Extra semicolon.
      test/init.test.ts:11:1: Unexpected tab character.
      test/init.test.ts:11:1: Expected indentation of 2 spaces but found 1 tab.
      test/init.test.ts:11:2: 'it' is not defined.
      test/init.test.ts:11:44: Missing space before function parentheses.
      test/init.test.ts:12:1: Unexpected tab character.
      test/init.test.ts:12:1: Expected indentation of 4 spaces but found 2 tabs.
      test/init.test.ts:12:31: Extra semicolon.
      test/init.test.ts:13:1: Unexpected tab character.
      test/init.test.ts:13:1: Expected indentation of 2 spaces but found 1 tab.
      test/init.test.ts:13:4: Extra semicolon.
      test/init.test.ts:15:1: Unexpected tab character.
      test/init.test.ts:15:1: Expected indentation of 2 spaces but found 1 tab.
      test/init.test.ts:15:2: 'it' is not defined.
      test/init.test.ts:15:37: Missing space before function parentheses.
      test/init.test.ts:16:1: Unexpected tab character.
      test/init.test.ts:16:1: Expected indentation of 4 spaces but found 2 tabs.
      test/init.test.ts:16:25: Extra semicolon.
      test/init.test.ts:17:1: Unexpected tab character.
      test/init.test.ts:17:1: Expected indentation of 4 spaces but found 2 tabs.
      test/init.test.ts:17:25: Extra semicolon.
      test/init.test.ts:19:1: Unexpected tab character.
      test/init.test.ts:19:1: Expected indentation of 4 spaces but found 2 tabs.
      test/init.test.ts:19:35: Extra semicolon.
      test/init.test.ts:21:1: Unexpected tab character.
      test/init.test.ts:21:1: Expected indentation of 4 spaces but found 2 tabs.
      test/init.test.ts:21:9: Extra semicolon.
      test/init.test.ts:22:1: Unexpected tab character.
      test/init.test.ts:22:1: Expected indentation of 4 spaces but found 2 tabs.
      test/init.test.ts:22:14: Extra semicolon.
      test/init.test.ts:24:1: Unexpected tab character.
      test/init.test.ts:24:1: Expected indentation of 4 spaces but found 2 tabs.
      test/init.test.ts:24:35: Extra semicolon.
      test/init.test.ts:25:1: Unexpected tab character.
      test/init.test.ts:25:1: Expected indentation of 4 spaces but found 2 tabs.
      test/init.test.ts:25:33: Extra semicolon.
      test/init.test.ts:26:1: Unexpected tab character.
      test/init.test.ts:26:1: Expected indentation of 2 spaces but found 1 tab.
      test/init.test.ts:26:4: Extra semicolon.
      test/init.test.ts:27:3: Extra semicolon.
      test/init.test.ts:28:1: Too many blank lines at the end of file. Max of 0 allowed.

❌ [ERROR] test/last.test.ts
    standard: Use JavaScript Standard Style (https://standardjs.com)
    standard: Run `standard --fix` to automatically fix some problems.
      test/last.test.ts:1:30: Extra semicolon.
      test/last.test.ts:2:37: Extra semicolon.
      test/last.test.ts:4:1: 'describe' is not defined.
      test/last.test.ts:4:31: Missing space before function parentheses.
      test/last.test.ts:5:1: Unexpected tab character.
      test/last.test.ts:5:1: Expected indentation of 2 spaces but found 1 tab.
      test/last.test.ts:5:2: 'it' is not defined.
      test/last.test.ts:5:48: Missing space before function parentheses.
      test/last.test.ts:6:1: Unexpected tab character.
      test/last.test.ts:6:1: Expected indentation of 4 spaces but found 2 tabs.
      test/last.test.ts:6:38: Extra semicolon.
      test/last.test.ts:7:1: Unexpected tab character.
      test/last.test.ts:7:1: Expected indentation of 2 spaces but found 1 tab.
      test/last.test.ts:7:4: Extra semicolon.
      test/last.test.ts:8:1: Unexpected tab character.
      test/last.test.ts:8:1: Expected indentation of 2 spaces but found 1 tab.
      test/last.test.ts:8:2: 'it' is not defined.
      test/last.test.ts:8:45: Missing space before function parentheses.
      test/last.test.ts:9:1: Unexpected tab character.
      test/last.test.ts:9:1: Expected indentation of 4 spaces but found 2 tabs.
      test/last.test.ts:9:39: Extra semicolon.
      test/last.test.ts:10:1: Unexpected tab character.
      test/last.test.ts:10:1: Expected indentation of 2 spaces but found 1 tab.
      test/last.test.ts:10:4: Extra semicolon.
      test/last.test.ts:11:3: Extra semicolon.
      test/last.test.ts:12:1: Too many blank lines at the end of file. Max of 0 allowed.

❌ [ERROR] test/pipe.test.ts
    standard: Use JavaScript Standard Style (https://standardjs.com)
    standard: Run `standard --fix` to automatically fix some problems.
      test/pipe.test.ts:1:30: Extra semicolon.
      test/pipe.test.ts:2:37: Extra semicolon.
      test/pipe.test.ts:4:89: Extra semicolon.
      test/pipe.test.ts:6:1: 'describe' is not defined.
      test/pipe.test.ts:6:31: Missing space before function parentheses.
      test/pipe.test.ts:7:1: Unexpected tab character.
      test/pipe.test.ts:7:1: Expected indentation of 2 spaces but found 1 tab.
      test/pipe.test.ts:7:2: 'it' is not defined.
      test/pipe.test.ts:7:42: Missing space before function parentheses.
      test/pipe.test.ts:8:1: Unexpected tab character.
      test/pipe.test.ts:8:1: Expected indentation of 4 spaces but found 2 tabs.
      test/pipe.test.ts:8:32: Extra semicolon.
      test/pipe.test.ts:9:1: Unexpected tab character.
      test/pipe.test.ts:9:1: Expected indentation of 2 spaces but found 1 tab.
      test/pipe.test.ts:9:4: Extra semicolon.
      test/pipe.test.ts:10:1: Unexpected tab character.
      test/pipe.test.ts:10:1: Expected indentation of 2 spaces but found 1 tab.
      test/pipe.test.ts:10:2: 'it' is not defined.
      test/pipe.test.ts:10:42: Missing space before function parentheses.
      test/pipe.test.ts:11:1: Unexpected tab character.
      test/pipe.test.ts:11:1: Expected indentation of 4 spaces but found 2 tabs.
      test/pipe.test.ts:11:32: Extra semicolon.
      test/pipe.test.ts:12:1: Unexpected tab character.
      test/pipe.test.ts:12:1: Expected indentation of 2 spaces but found 1 tab.
      test/pipe.test.ts:12:4: Extra semicolon.
      test/pipe.test.ts:13:1: Unexpected tab character.
      test/pipe.test.ts:13:1: Expected indentation of 2 spaces but found 1 tab.
      test/pipe.test.ts:13:2: 'it' is not defined.
      test/pipe.test.ts:13:42: Missing space before function parentheses.
      test/pipe.test.ts:14:1: Unexpected tab character.
      test/pipe.test.ts:14:1: Expected indentation of 4 spaces but found 2 tabs.
      test/pipe.test.ts:14:32: Extra semicolon.
      test/pipe.test.ts:15:1: Unexpected tab character.
      test/pipe.test.ts:15:1: Expected indentation of 2 spaces but found 1 tab.
      test/pipe.test.ts:15:4: Extra semicolon.
      test/pipe.test.ts:16:3: Extra semicolon.
      test/pipe.test.ts:17:1: Too many blank lines at the end of file. Max of 0 allowed.

❌ [ERROR] test/tail.test.ts
    standard: Use JavaScript Standard Style (https://standardjs.com)
    standard: Run `standard --fix` to automatically fix some problems.
      test/tail.test.ts:1:30: Extra semicolon.
      test/tail.test.ts:2:41: Extra semicolon.
      test/tail.test.ts:4:1: 'describe' is not defined.
      test/tail.test.ts:4:31: Missing space before function parentheses.
      test/tail.test.ts:5:1: Unexpected tab character.
      test/tail.test.ts:5:1: Expected indentation of 2 spaces but found 1 tab.
      test/tail.test.ts:5:2: 'it' is not defined.
      test/tail.test.ts:5:53: Missing space before function parentheses.
      test/tail.test.ts:6:1: Unexpected tab character.
      test/tail.test.ts:6:1: Expected indentation of 4 spaces but found 2 tabs.
      test/tail.test.ts:6:41: Extra semicolon.
      test/tail.test.ts:7:1: Unexpected tab character.
      test/tail.test.ts:7:1: Expected indentation of 2 spaces but found 1 tab.
      test/tail.test.ts:7:4: Extra semicolon.
      test/tail.test.ts:8:1: Unexpected tab character.
      test/tail.test.ts:8:1: Expected indentation of 2 spaces but found 1 tab.
      test/tail.test.ts:8:2: 'it' is not defined.
      test/tail.test.ts:8:45: Missing space before function parentheses.
      test/tail.test.ts:9:1: Unexpected tab character.
      test/tail.test.ts:9:1: Expected indentation of 4 spaces but found 2 tabs.
      test/tail.test.ts:9:30: Extra semicolon.
      test/tail.test.ts:10:1: Unexpected tab character.
      test/tail.test.ts:10:1: Expected indentation of 2 spaces but found 1 tab.
      test/tail.test.ts:10:4: Extra semicolon.
      test/tail.test.ts:11:1: Unexpected tab character.
      test/tail.test.ts:11:1: Expected indentation of 2 spaces but found 1 tab.
      test/tail.test.ts:11:2: 'it' is not defined.
      test/tail.test.ts:11:46: Missing space before function parentheses.
      test/tail.test.ts:12:1: Unexpected tab character.
      test/tail.test.ts:12:1: Expected indentation of 4 spaces but found 2 tabs.
      test/tail.test.ts:12:31: Extra semicolon.
      test/tail.test.ts:13:1: Unexpected tab character.
      test/tail.test.ts:13:1: Expected indentation of 2 spaces but found 1 tab.
      test/tail.test.ts:13:4: Extra semicolon.
      test/tail.test.ts:15:1: Unexpected tab character.
      test/tail.test.ts:15:1: Expected indentation of 2 spaces but found 1 tab.
      test/tail.test.ts:15:2: 'it' is not defined.
      test/tail.test.ts:15:37: Missing space before function parentheses.
      test/tail.test.ts:16:1: Unexpected tab character.
      test/tail.test.ts:16:1: Expected indentation of 4 spaces but found 2 tabs.
      test/tail.test.ts:16:25: Extra semicolon.
      test/tail.test.ts:17:1: Unexpected tab character.
      test/tail.test.ts:17:1: Expected indentation of 4 spaces but found 2 tabs.
      test/tail.test.ts:17:25: Extra semicolon.
      test/tail.test.ts:19:1: Unexpected tab character.
      test/tail.test.ts:19:1: Expected indentation of 4 spaces but found 2 tabs.
      test/tail.test.ts:19:35: Extra semicolon.
      test/tail.test.ts:21:1: Unexpected tab character.
      test/tail.test.ts:21:1: Expected indentation of 4 spaces but found 2 tabs.
      test/tail.test.ts:21:9: Extra semicolon.
      test/tail.test.ts:22:1: Unexpected tab character.
      test/tail.test.ts:22:1: Expected indentation of 4 spaces but found 2 tabs.
      test/tail.test.ts:22:14: Extra semicolon.
      test/tail.test.ts:24:1: Unexpected tab character.
      test/tail.test.ts:24:1: Expected indentation of 4 spaces but found 2 tabs.
      test/tail.test.ts:24:35: Extra semicolon.
      test/tail.test.ts:25:1: Unexpected tab character.
      test/tail.test.ts:25:1: Expected indentation of 4 spaces but found 2 tabs.
      test/tail.test.ts:25:33: Extra semicolon.
      test/tail.test.ts:26:1: Unexpected tab character.
      test/tail.test.ts:26:1: Expected indentation of 2 spaces but found 1 tab.
      test/tail.test.ts:26:4: Extra semicolon.
      test/tail.test.ts:27:3: Extra semicolon.
      test/tail.test.ts:28:1: Too many blank lines at the end of file. Max of 0 allowed.

❌ [ERROR] test/take.test.ts
    standard: Use JavaScript Standard Style (https://standardjs.com)
    standard: Run `standard --fix` to automatically fix some problems.
      test/take.test.ts:1:30: Extra semicolon.
      test/take.test.ts:2:37: Extra semicolon.
      test/take.test.ts:4:1: More than 1 blank line not allowed.
      test/take.test.ts:5:1: 'describe' is not defined.
      test/take.test.ts:5:31: Missing space before function parentheses.
      test/take.test.ts:6:1: Unexpected tab character.
      test/take.test.ts:6:1: Expected indentation of 2 spaces but found 1 tab.
      test/take.test.ts:6:2: 'it' is not defined.
      test/take.test.ts:6:53: Missing space before function parentheses.
      test/take.test.ts:7:1: Unexpected tab character.
      test/take.test.ts:7:1: Expected indentation of 4 spaces but found 2 tabs.
      test/take.test.ts:7:20: A space is required after ','.
      test/take.test.ts:7:22: A space is required after ','.
      test/take.test.ts:7:24: A space is required after ','.
      test/take.test.ts:7:41: Extra semicolon.
      test/take.test.ts:8:1: Unexpected tab character.
      test/take.test.ts:8:1: Expected indentation of 2 spaces but found 1 tab.
      test/take.test.ts:8:4: Extra semicolon.
      test/take.test.ts:9:1: Unexpected tab character.
      test/take.test.ts:9:1: Expected indentation of 2 spaces but found 1 tab.
      test/take.test.ts:9:2: 'it' is not defined.
      test/take.test.ts:9:57: Missing space before function parentheses.
      test/take.test.ts:10:1: Unexpected tab character.
      test/take.test.ts:10:1: Expected indentation of 4 spaces but found 2 tabs.
      test/take.test.ts:10:20: A space is required after ','.
      test/take.test.ts:10:22: A space is required after ','.
      test/take.test.ts:10:24: A space is required after ','.
      test/take.test.ts:10:39: A space is required after ','.
      test/take.test.ts:10:41: A space is required after ','.
      test/take.test.ts:10:45: Extra semicolon.
      test/take.test.ts:11:1: Unexpected tab character.
      test/take.test.ts:11:1: Expected indentation of 2 spaces but found 1 tab.
      test/take.test.ts:11:4: Extra semicolon.
      test/take.test.ts:12:1: Unexpected tab character.
      test/take.test.ts:12:1: Expected indentation of 2 spaces but found 1 tab.
      test/take.test.ts:12:2: 'it' is not defined.
      test/take.test.ts:12:59: Missing space before function parentheses.
      test/take.test.ts:13:1: Unexpected tab character.
      test/take.test.ts:13:1: Expected indentation of 4 spaces but found 2 tabs.
      test/take.test.ts:13:20: A space is required after ','.
      test/take.test.ts:13:22: A space is required after ','.
      test/take.test.ts:13:24: A space is required after ','.
      test/take.test.ts:13:39: A space is required after ','.
      test/take.test.ts:13:41: A space is required after ','.
      test/take.test.ts:13:43: A space is required after ','.
      test/take.test.ts:13:47: Extra semicolon.
      test/take.test.ts:14:1: Unexpected tab character.
      test/take.test.ts:14:1: Expected indentation of 2 spaces but found 1 tab.
      test/take.test.ts:14:4: Extra semicolon.
      test/take.test.ts:15:3: Extra semicolon.
      test/take.test.ts:16:1: Too many blank lines at the end of file. Max of 0 allowed.

❌ [ERROR] typings/globals/mocha/index.d.ts
    standard: Unexpected linter output:
    
    TypeError: Cannot read property 'body' of null
    Occurred while linting typings/globals/mocha/index.d.ts:64
        at checkForConstructor (/node_modules/standard/node_modules/eslint/lib/rules/no-useless-constructor.js:165:42)
        at /node_modules/standard/node_modules/eslint/lib/linter/safe-emitter.js:45:58
        at Array.forEach (<anonymous>)
        at Object.emit (/node_modules/standard/node_modules/eslint/lib/linter/safe-emitter.js:45:38)
        at NodeEventGenerator.applySelector (/node_modules/standard/node_modules/eslint/lib/linter/node-event-generator.js:254:26)
        at NodeEventGenerator.applySelectors (/node_modules/standard/node_modules/eslint/lib/linter/node-event-generator.js:283:22)
        at NodeEventGenerator.enterNode (/node_modules/standard/node_modules/eslint/lib/linter/node-event-generator.js:297:14)
        at CodePathAnalyzer.enterNode (/node_modules/standard/node_modules/eslint/lib/linter/code-path-analysis/code-path-analyzer.js:711:23)
        at /node_modules/standard/node_modules/eslint/lib/linter/linter.js:952:32
        at Array.forEach (<anonymous>)
    
    If you think this is a bug in `standard`, open an issue: https://github.com/standard/standard/issues

✅ [SUCCESS] typings/index.d.ts
❌ [ERROR] typings/modules/chai/index.d.ts
    standard: Unexpected linter output:
    
    TypeError: Cannot read property 'body' of null
    Occurred while linting typings/modules/chai/index.d.ts:10
        at checkForConstructor (/node_modules/standard/node_modules/eslint/lib/rules/no-useless-constructor.js:165:42)
        at /node_modules/standard/node_modules/eslint/lib/linter/safe-emitter.js:45:58
        at Array.forEach (<anonymous>)
        at Object.emit (/node_modules/standard/node_modules/eslint/lib/linter/safe-emitter.js:45:38)
        at NodeEventGenerator.applySelector (/node_modules/standard/node_modules/eslint/lib/linter/node-event-generator.js:254:26)
        at NodeEventGenerator.applySelectors (/node_modules/standard/node_modules/eslint/lib/linter/node-event-generator.js:283:22)
        at NodeEventGenerator.enterNode (/node_modules/standard/node_modules/eslint/lib/linter/node-event-generator.js:297:14)
        at CodePathAnalyzer.enterNode (/node_modules/standard/node_modules/eslint/lib/linter/code-path-analysis/code-path-analyzer.js:711:23)
        at /node_modules/standard/node_modules/eslint/lib/linter/linter.js:952:32
        at Array.forEach (<anonymous>)
    
    If you think this is a bug in `standard`, open an issue: https://github.com/standard/standard/issues

